#-----------------------------------------------------------
# Vivado v2021.2 (64-bit)
# SW Build 3367213 on Tue Oct 19 02:48:09 MDT 2021
# IP Build 3369179 on Thu Oct 21 08:25:16 MDT 2021
# Start of session at: Sat May 27 23:04:01 2023
# Process ID: 6268
# Current directory: D:/code/lab/pjkt/project_2
# Command line: vivado.exe -gui_launcher_event rodinguilauncherevent32268 D:\code\lab\pjkt\project_2\project_2.xpr
# Log file: D:/code/lab/pjkt/project_2/vivado.log
# Journal file: D:/code/lab/pjkt/project_2\vivado.jou
# Running On: LAPTOP-9334Q20S, OS: Windows, CPU Frequency: 3294 MHz, CPU Physical cores: 12, Host memory: 14877 MB
#-----------------------------------------------------------
start_gui
open_project D:/code/lab/pjkt/project_2/project_2.xpr
WARNING: [Board 49-26] cannot add Board Part xilinx.com:vck190_es:part0:1.3 available at D:/Xilinx/Vivado/2021.2/data/xhub/boards/XilinxBoardStore/boards/Xilinx/vck190/es/1.3/board.xml as part xcvc1902-vsva2197-2mp-e-s-es1 specified in board_part file is either invalid or not available
WARNING: [Board 49-26] cannot add Board Part xilinx.com:vmk180_es:part0:1.3 available at D:/Xilinx/Vivado/2021.2/data/xhub/boards/XilinxBoardStore/boards/Xilinx/vmk180/es/1.3/board.xml as part xcvm1802-vsva2197-2mp-e-s-es1 specified in board_part file is either invalid or not available
WARNING: [Board 49-26] cannot add Board Part xilinx.com:vpk120_es:part0:1.2 available at D:/Xilinx/Vivado/2021.2/data/xhub/boards/XilinxBoardStore/boards/Xilinx/vpk120/es/1.2/board.xml as part xcvp1202-vsva2785-2mp-e-s-es1 specified in board_part file is either invalid or not available
WARNING: [Board 49-26] cannot add Board Part xilinx.com:zcu208_es:part0:1.0 available at D:/Xilinx/Vivado/2021.2/data/xhub/boards/XilinxBoardStore/boards/Xilinx/zcu208/es/1.0/board.xml as part xczu48dr-fsvg1517-2-e-es1 specified in board_part file is either invalid or not available
WARNING: [Board 49-26] cannot add Board Part xilinx.com:zcu208_es:part0:1.1 available at D:/Xilinx/Vivado/2021.2/data/xhub/boards/XilinxBoardStore/boards/Xilinx/zcu208/es/1.1/board.xml as part xczu48dr-fsvg1517-2-e-es1 specified in board_part file is either invalid or not available
WARNING: [Board 49-26] cannot add Board Part xilinx.com:zcu208_es:part0:1.2 available at D:/Xilinx/Vivado/2021.2/data/xhub/boards/XilinxBoardStore/boards/Xilinx/zcu208/es/1.2/board.xml as part xczu48dr-fsvg1517-2-e-es1 specified in board_part file is either invalid or not available
WARNING: [Board 49-26] cannot add Board Part xilinx.com:zcu208ld:part0:2.0 available at D:/Xilinx/Vivado/2021.2/data/xhub/boards/XilinxBoardStore/boards/Xilinx/zcu208ld/production/2.0/board.xml as part xczu58dr-fsvg1517-2-i specified in board_part file is either invalid or not available
WARNING: [Board 49-26] cannot add Board Part xilinx.com:zcu208ld_es:part0:1.0 available at D:/Xilinx/Vivado/2021.2/data/xhub/boards/XilinxBoardStore/boards/Xilinx/zcu208ld/es/1.0/board.xml as part xczu58dr-fsvg1517-2-i-es1 specified in board_part file is either invalid or not available
WARNING: [Board 49-26] cannot add Board Part xilinx.com:zcu216_es:part0:1.0 available at D:/Xilinx/Vivado/2021.2/data/xhub/boards/XilinxBoardStore/boards/Xilinx/zcu216/es/1.0/board.xml as part xczu49dr-ffvf1760-2-e-es1 specified in board_part file is either invalid or not available
WARNING: [Board 49-26] cannot add Board Part xilinx.com:zcu216_es:part0:1.1 available at D:/Xilinx/Vivado/2021.2/data/xhub/boards/XilinxBoardStore/boards/Xilinx/zcu216/es/1.1/board.xml as part xczu49dr-ffvf1760-2-e-es1 specified in board_part file is either invalid or not available
WARNING: [Board 49-26] cannot add Board Part xilinx.com:zcu216_es:part0:1.2 available at D:/Xilinx/Vivado/2021.2/data/xhub/boards/XilinxBoardStore/boards/Xilinx/zcu216/es/1.2/board.xml as part xczu49dr-ffvf1760-2-e-es1 specified in board_part file is either invalid or not available
WARNING: [Board 49-26] cannot add Board Part xilinx.com:zcu216ld:part0:2.0 available at D:/Xilinx/Vivado/2021.2/data/xhub/boards/XilinxBoardStore/boards/Xilinx/zcu216ld/production/2.0/board.xml as part xczu59dr-ffvf1760-2-i specified in board_part file is either invalid or not available
WARNING: [Board 49-26] cannot add Board Part xilinx.com:zcu216ld_es:part0:1.0 available at D:/Xilinx/Vivado/2021.2/data/xhub/boards/XilinxBoardStore/boards/Xilinx/zcu216ld/es/1.0/board.xml as part xczu59dr-ffvf1760-2-i-es1 specified in board_part file is either invalid or not available
WARNING: [Board 49-26] cannot add Board Part xilinx.com:zcu670:part0:1.0 available at D:/Xilinx/Vivado/2021.2/data/xhub/boards/XilinxBoardStore/boards/Xilinx/zcu670/1.0/board.xml as part xczu67dr-fsve1156-2-i specified in board_part file is either invalid or not available
Scanning sources...
Finished scanning sources
INFO: [IP_Flow 19-234] Refreshing IP repositories
INFO: [IP_Flow 19-1704] No user IP repositories specified
INFO: [IP_Flow 19-2313] Loaded Vivado IP repository 'D:/Xilinx/Vivado/2021.2/data/ip'.
WARNING: [IP_Flow 19-2162] IP 'lpm_rom_irom' is locked:
* IP definition 'Block Memory Generator (8.4)' for IP 'lpm_rom_irom' (customized with software release 2020.2) has a different revision in the IP Catalog.
open_project: Time (s): cpu = 00:00:19 ; elapsed = 00:00:07 . Memory (MB): peak = 1412.500 ; gain = 0.000
reset_run lpm_rom_irom_synth_1
reset_run synth_1
launch_runs impl_1 -jobs 6
WARNING: [Project 1-577] IP run lpm_rom_irom_synth_1 is available but is out of date. Since the IP is locked, the synthesis checkpoint cannot be updated. The out-of-date checkpoint will be used and it may result in incorrect behavior.
Please select 'Report IP Status' from the 'Tools/Report' menu or run the Tcl command 'report_ip_status' for more information.
WARNING: [Runs 36-337] The following IPs are either missing output products or output products are not up-to-date for Synthesis target. Since these IPs are locked, no update to the output products can be done. 
Please select 'Report IP Status' from the 'Tools/Report' menu or run Tcl command 'report_ip_status' for more information.
D:/code/lab/pjkt/project_2/project_2.srcs/sources_1/ip/lpm_rom_irom/lpm_rom_irom.xci

WARNING: [Project 1-576] IP 'D:/code/lab/pjkt/project_2/project_2.srcs/sources_1/ip/lpm_rom_irom/lpm_rom_irom.xci' in run lpm_rom_irom_synth_1 is locked, no out-of-context (OOC) run will be launched. The run may not be able to complete.
Please select 'Report IP Status' from 'Tools/Report' or run the Tcl command 'report_ip_status' for more information.
[Sat May 27 23:04:25 2023] Launched lpm_rom_irom_synth_1, synth_1...
Run output will be captured here:
lpm_rom_irom_synth_1: D:/code/lab/pjkt/project_2/project_2.runs/lpm_rom_irom_synth_1/runme.log
synth_1: D:/code/lab/pjkt/project_2/project_2.runs/synth_1/runme.log
[Sat May 27 23:04:25 2023] Launched impl_1...
Run output will be captured here: D:/code/lab/pjkt/project_2/project_2.runs/impl_1/runme.log
update_compile_order -fileset sources_1
launch_runs impl_1 -to_step write_bitstream -jobs 6
[Sat May 27 23:09:26 2023] Launched impl_1...
Run output will be captured here: D:/code/lab/pjkt/project_2/project_2.runs/impl_1/runme.log
open_hw_manager
connect_hw_server -allow_non_jtag
INFO: [Labtools 27-2285] Connecting to hw_server url TCP:localhost:3121
INFO: [Labtools 27-2222] Launching hw_server...
INFO: [Labtools 27-2221] Launch Output:

****** Xilinx hw_server v2021.2
  **** Build date : Oct 19 2021 at 03:13:30
    ** Copyright 1986-2021 Xilinx, Inc. All Rights Reserved.


INFO: [Labtools 27-3415] Connecting to cs_server url TCP:localhost:3042
INFO: [Labtools 27-3417] Launching cs_server...
INFO: [Labtools 27-2221] Launch Output:


******** Xilinx cs_server v2021.2.0
  ****** Build date   : Sep 28 2021-05:44:20
    **** Build number : 2021.2.1632779060
      ** Copyright 2017-2023 Xilinx, Inc. All Rights Reserved.



connect_hw_server: Time (s): cpu = 00:00:01 ; elapsed = 00:00:10 . Memory (MB): peak = 1412.500 ; gain = 0.000
open_hw_target
INFO: [Labtoolstcl 44-466] Opening hw_target localhost:3121/xilinx_tcf/Xilinx/1234-tulA
open_hw_target: Time (s): cpu = 00:00:06 ; elapsed = 00:00:11 . Memory (MB): peak = 3084.793 ; gain = 1672.293
set_property PROGRAM.FILE {D:/code/lab/pjkt/project_2/project_2.runs/impl_1/sc_cpu_iotest.bit} [get_hw_devices xc7a50t_0]
current_hw_device [get_hw_devices xc7a50t_0]
refresh_hw_device -update_hw_probes false [lindex [get_hw_devices xc7a50t_0] 0]
INFO: [Labtools 27-1434] Device xc7a50t (JTAG device index = 0) is programmed with a design that has no supported debug core(s) in it.
set_property PROBES.FILE {} [get_hw_devices xc7a50t_0]
set_property FULL_PROBES.FILE {} [get_hw_devices xc7a50t_0]
set_property PROGRAM.FILE {D:/code/lab/pjkt/project_2/project_2.runs/impl_1/sc_cpu_iotest.bit} [get_hw_devices xc7a50t_0]
program_hw_devices [get_hw_devices xc7a50t_0]
INFO: [Labtools 27-3164] End of startup status: HIGH
program_hw_devices: Time (s): cpu = 00:00:02 ; elapsed = 00:00:05 . Memory (MB): peak = 3110.555 ; gain = 0.000
refresh_hw_device [lindex [get_hw_devices xc7a50t_0] 0]
INFO: [Labtools 27-1434] Device xc7a50t (JTAG device index = 0) is programmed with a design that has no supported debug core(s) in it.
set_property PROBES.FILE {} [get_hw_devices xc7a50t_0]
set_property FULL_PROBES.FILE {} [get_hw_devices xc7a50t_0]
set_property PROGRAM.FILE {D:/code/lab/pjkt/project_2/project_2.runs/impl_1/sc_cpu_iotest.bit} [get_hw_devices xc7a50t_0]
program_hw_devices [get_hw_devices xc7a50t_0]
INFO: [Labtools 27-3164] End of startup status: HIGH
refresh_hw_device [lindex [get_hw_devices xc7a50t_0] 0]
INFO: [Labtools 27-1434] Device xc7a50t (JTAG device index = 0) is programmed with a design that has no supported debug core(s) in it.
exit
INFO: [Common 17-206] Exiting Vivado at Sat May 27 23:24:25 2023...
